2023-03-16 12:52:47,219 INFO c.l.IssLocationApplication [restartedMain] Starting IssLocationApplication using Java 17.0.4.1 with PID 3368 (C:\Users\HP\Documents\casestudy\ISS_Location\target\classes started by HP in C:\Users\HP\Documents\casestudy\ISS_Location)
2023-03-16 12:52:47,234 DEBUG c.l.IssLocationApplication [restartedMain] Running with Spring Boot v3.0.4, Spring v6.0.6
2023-03-16 12:52:47,239 INFO c.l.IssLocationApplication [restartedMain] No active profile set, falling back to 1 default profile: "default"
2023-03-16 12:52:50,294 INFO c.l.IssLocationApplication [restartedMain] Started IssLocationApplication in 3.55 seconds (process running for 4.725)
2023-03-16 12:53:04,936 DEBUG c.l.c.ISSLocationController [http-nio-8080-exec-2] Getting current location of ISS...
2023-03-16 12:53:04,937 DEBUG c.l.s.LocationServiceImpl [http-nio-8080-exec-2] Retrieving current location of ISS from API...
2023-03-16 12:53:06,742 DEBUG c.l.s.LocationServiceImpl [http-nio-8080-exec-2] Retrieved current location of ISS from API: com.location.response.ISSLocation@39d11d23
2023-03-16 12:53:33,338 DEBUG c.l.c.ISSLocationController [http-nio-8080-exec-3] Getting current location of ISS...
2023-03-16 12:53:33,339 DEBUG c.l.s.LocationServiceImpl [http-nio-8080-exec-3] Retrieving current location of ISS from API...
2023-03-16 12:53:34,405 DEBUG c.l.s.LocationServiceImpl [http-nio-8080-exec-3] Retrieved current location of ISS from API: com.location.response.ISSLocation@164738d4
2023-03-16 12:54:34,534 INFO c.l.IssLocationApplication [restartedMain] Starting IssLocationApplication using Java 17.0.4.1 with PID 3368 (C:\Users\HP\Documents\casestudy\ISS_Location\target\classes started by HP in C:\Users\HP\Documents\casestudy\ISS_Location)
2023-03-16 12:54:34,535 DEBUG c.l.IssLocationApplication [restartedMain] Running with Spring Boot v3.0.4, Spring v6.0.6
2023-03-16 12:54:34,535 INFO c.l.IssLocationApplication [restartedMain] No active profile set, falling back to 1 default profile: "default"
2023-03-16 12:54:35,115 INFO c.l.IssLocationApplication [restartedMain] Started IssLocationApplication in 0.636 seconds (process running for 109.546)
2023-03-16 12:54:42,165 DEBUG c.l.c.ISSLocationController [http-nio-8080-exec-2] Getting current location of ISS...
2023-03-16 12:54:42,166 DEBUG c.l.s.LocationServiceImpl [http-nio-8080-exec-2] Retrieving current location of ISS from API...
2023-03-16 12:54:43,083 DEBUG c.l.s.LocationServiceImpl [http-nio-8080-exec-2] Retrieved current location of ISS from API: [latitude=-4.8342489940838, longitude=-32.362426134378]
2023-03-16 15:15:20,301 INFO c.l.IssLocationApplication [restartedMain] Starting IssLocationApplication using Java 17.0.4.1 with PID 3368 (C:\Users\HP\Documents\casestudy\ISS_Location\target\classes started by HP in C:\Users\HP\Documents\casestudy\ISS_Location)
2023-03-16 15:15:20,303 DEBUG c.l.IssLocationApplication [restartedMain] Running with Spring Boot v3.0.4, Spring v6.0.6
2023-03-16 15:15:20,303 INFO c.l.IssLocationApplication [restartedMain] No active profile set, falling back to 1 default profile: "default"
2023-03-16 15:15:20,996 INFO c.l.IssLocationApplication [restartedMain] Started IssLocationApplication in 0.765 seconds (process running for 8555.637)
2023-03-16 15:15:40,689 INFO c.l.IssLocationApplication [restartedMain] Starting IssLocationApplication using Java 17.0.4.1 with PID 16576 (C:\Users\HP\Documents\casestudy\ISS_Location\target\classes started by HP in C:\Users\HP\Documents\casestudy\ISS_Location)
2023-03-16 15:15:40,707 DEBUG c.l.IssLocationApplication [restartedMain] Running with Spring Boot v3.0.4, Spring v6.0.6
2023-03-16 15:15:40,710 INFO c.l.IssLocationApplication [restartedMain] No active profile set, falling back to 1 default profile: "default"
2023-03-16 15:15:43,934 INFO c.l.IssLocationApplication [restartedMain] Started IssLocationApplication in 3.705 seconds (process running for 4.825)
2023-03-16 15:16:21,343 DEBUG c.l.c.ISSLocationController [http-nio-8080-exec-2] Getting current location of ISS...
2023-03-16 15:16:21,343 DEBUG c.l.s.LocationServiceImpl [http-nio-8080-exec-2] Retrieving current location of ISS from API...
2023-03-16 15:16:23,299 DEBUG c.l.s.LocationServiceImpl [http-nio-8080-exec-2] Retrieved current location of ISS from API: [latitude=11.704390012438, longitude=117.20418288384]
2023-03-16 15:18:31,946 INFO c.l.IssLocationApplication [restartedMain] Starting IssLocationApplication using Java 17.0.4.1 with PID 16576 (C:\Users\HP\Documents\casestudy\ISS_Location\target\classes started by HP in C:\Users\HP\Documents\casestudy\ISS_Location)
2023-03-16 15:18:31,948 DEBUG c.l.IssLocationApplication [restartedMain] Running with Spring Boot v3.0.4, Spring v6.0.6
2023-03-16 15:18:31,949 INFO c.l.IssLocationApplication [restartedMain] No active profile set, falling back to 1 default profile: "default"
2023-03-16 15:18:32,595 INFO c.l.IssLocationApplication [restartedMain] Started IssLocationApplication in 0.714 seconds (process running for 173.486)
2023-03-16 15:18:45,723 INFO c.l.IssLocationApplication [restartedMain] Starting IssLocationApplication using Java 17.0.4.1 with PID 22340 (C:\Users\HP\Documents\casestudy\ISS_Location\target\classes started by HP in C:\Users\HP\Documents\casestudy\ISS_Location)
2023-03-16 15:18:45,742 DEBUG c.l.IssLocationApplication [restartedMain] Running with Spring Boot v3.0.4, Spring v6.0.6
2023-03-16 15:18:45,745 INFO c.l.IssLocationApplication [restartedMain] No active profile set, falling back to 1 default profile: "default"
2023-03-16 15:18:48,807 INFO c.l.IssLocationApplication [restartedMain] Started IssLocationApplication in 3.547 seconds (process running for 4.803)
2023-03-16 15:19:00,473 DEBUG c.l.c.ISSLocationController [http-nio-8080-exec-1] Getting current location of ISS...
2023-03-16 15:19:00,474 DEBUG c.l.s.LocationServiceImpl [http-nio-8080-exec-1] Retrieving current location of ISS from API...
2023-03-16 15:19:02,365 DEBUG c.l.s.LocationServiceImpl [http-nio-8080-exec-1] Retrieved current location of ISS from API: [latitude=19.602600521317, longitude=123.42434204094]
2023-03-16 15:30:48,131 INFO c.l.IssLocationApplication [restartedMain] Starting IssLocationApplication using Java 17.0.4.1 with PID 18424 (C:\Users\HP\Documents\casestudy\ISS_Location\target\classes started by HP in C:\Users\HP\Documents\casestudy\ISS_Location)
2023-03-16 15:30:48,193 DEBUG c.l.IssLocationApplication [restartedMain] Running with Spring Boot v3.0.4, Spring v6.0.6
2023-03-16 15:30:48,199 INFO c.l.IssLocationApplication [restartedMain] No active profile set, falling back to 1 default profile: "default"
2023-03-16 15:30:50,202 INFO c.l.IssLocationApplication [restartedMain] Starting IssLocationApplication using Java 17.0.4.1 with PID 21564 (C:\Users\HP\Documents\casestudy\ISS_Location\target\classes started by HP in C:\Users\HP\Documents\casestudy\ISS_Location)
2023-03-16 15:30:50,246 DEBUG c.l.IssLocationApplication [restartedMain] Running with Spring Boot v3.0.4, Spring v6.0.6
2023-03-16 15:30:50,257 INFO c.l.IssLocationApplication [restartedMain] No active profile set, falling back to 1 default profile: "default"
2023-03-16 15:31:00,589 INFO c.l.IssLocationApplication [restartedMain] Started IssLocationApplication in 15.272 seconds (process running for 26.104)
2023-03-16 15:31:02,060 ERROR o.s.b.d.LoggingFailureAnalysisReporter [restartedMain] 

***************************
APPLICATION FAILED TO START
***************************

Description:

Web server failed to start. Port 8080 was already in use.

Action:

Identify and stop the process that's listening on port 8080 or configure this application to listen on another port.

2023-03-16 15:32:19,790 INFO c.l.IssLocationApplicationTests [main] Starting IssLocationApplicationTests using Java 17.0.4.1 with PID 22056 (started by HP in C:\Users\HP\Documents\casestudy\ISS_Location)
2023-03-16 15:32:19,842 DEBUG c.l.IssLocationApplicationTests [main] Running with Spring Boot v3.0.4, Spring v6.0.6
2023-03-16 15:32:19,850 INFO c.l.IssLocationApplicationTests [main] No active profile set, falling back to 1 default profile: "default"
2023-03-16 15:32:26,659 INFO c.l.IssLocationApplicationTests [main] Started IssLocationApplicationTests in 8.35 seconds (process running for 16.419)
2023-03-16 15:32:29,824 ERROR o.s.t.c.TestContextManager [main] Caught exception while allowing TestExecutionListener [org.springframework.boot.test.mock.mockito.MockitoTestExecutionListener] to prepare test instance [com.location.IssLocationApplicationTests@7ec49d9b]
org.mockito.exceptions.base.MockitoException: 
Cannot instantiate @InjectMocks field named 'issLocationService'! Cause: the type 'LocationService' is an interface.
You haven't provided the instance at field declaration so I tried to construct the instance.
Examples of correct usage of @InjectMocks:
   @InjectMocks Service service = new Service();
   @InjectMocks Service service;
   //and... don't forget about some @Mocks for injection :)

	at org.springframework.boot.test.mock.mockito.MockitoTestExecutionListener.initMocks(MockitoTestExecutionListener.java:83) ~[spring-boot-test-3.0.4.jar:3.0.4]
	at org.springframework.boot.test.mock.mockito.MockitoTestExecutionListener.prepareTestInstance(MockitoTestExecutionListener.java:60) ~[spring-boot-test-3.0.4.jar:3.0.4]
	at org.springframework.test.context.TestContextManager.prepareTestInstance(TestContextManager.java:241) ~[spring-test-6.0.6.jar:6.0.6]
	at org.springframework.test.context.junit.jupiter.SpringExtension.postProcessTestInstance(SpringExtension.java:138) ~[spring-test-6.0.6.jar:6.0.6]
	at org.junit.jupiter.engine.descriptor.ClassBasedTestDescriptor.lambda$invokeTestInstancePostProcessors$10(ClassBasedTestDescriptor.java:377) ~[junit-jupiter-engine-5.9.2.jar:5.9.2]
	at org.junit.jupiter.engine.descriptor.ClassBasedTestDescriptor.executeAndMaskThrowable(ClassBasedTestDescriptor.java:382) ~[junit-jupiter-engine-5.9.2.jar:5.9.2]
	at org.junit.jupiter.engine.descriptor.ClassBasedTestDescriptor.lambda$invokeTestInstancePostProcessors$11(ClassBasedTestDescriptor.java:377) ~[junit-jupiter-engine-5.9.2.jar:5.9.2]
	at java.util.stream.ReferencePipeline$3$1.accept(ReferencePipeline.java:197) ~[?:?]
	at java.util.stream.ReferencePipeline$2$1.accept(ReferencePipeline.java:179) ~[?:?]
	at java.util.ArrayList$ArrayListSpliterator.forEachRemaining(ArrayList.java:1625) ~[?:?]
	at java.util.stream.AbstractPipeline.copyInto(AbstractPipeline.java:509) ~[?:?]
	at java.util.stream.AbstractPipeline.wrapAndCopyInto(AbstractPipeline.java:499) ~[?:?]
	at java.util.stream.StreamSpliterators$WrappingSpliterator.forEachRemaining(StreamSpliterators.java:310) ~[?:?]
	at java.util.stream.Streams$ConcatSpliterator.forEachRemaining(Streams.java:735) ~[?:?]
	at java.util.stream.Streams$ConcatSpliterator.forEachRemaining(Streams.java:734) ~[?:?]
	at java.util.stream.ReferencePipeline$Head.forEach(ReferencePipeline.java:762) ~[?:?]
	at org.junit.jupiter.engine.descriptor.ClassBasedTestDescriptor.invokeTestInstancePostProcessors(ClassBasedTestDescriptor.java:376) ~[junit-jupiter-engine-5.9.2.jar:5.9.2]
	at org.junit.jupiter.engine.descriptor.ClassBasedTestDescriptor.lambda$instantiateAndPostProcessTestInstance$6(ClassBasedTestDescriptor.java:289) ~[junit-jupiter-engine-5.9.2.jar:5.9.2]
	at org.junit.platform.engine.support.hierarchical.ThrowableCollector.execute(ThrowableCollector.java:73) ~[junit-platform-engine-1.9.2.jar:1.9.2]
	at org.junit.jupiter.engine.descriptor.ClassBasedTestDescriptor.instantiateAndPostProcessTestInstance(ClassBasedTestDescriptor.java:288) ~[junit-jupiter-engine-5.9.2.jar:5.9.2]
	at org.junit.jupiter.engine.descriptor.ClassBasedTestDescriptor.lambda$testInstancesProvider$4(ClassBasedTestDescriptor.java:278) ~[junit-jupiter-engine-5.9.2.jar:5.9.2]
	at java.util.Optional.orElseGet(Optional.java:364) ~[?:?]
	at org.junit.jupiter.engine.descriptor.ClassBasedTestDescriptor.lambda$testInstancesProvider$5(ClassBasedTestDescriptor.java:277) ~[junit-jupiter-engine-5.9.2.jar:5.9.2]
	at org.junit.jupiter.engine.execution.TestInstancesProvider.getTestInstances(TestInstancesProvider.java:31) ~[junit-jupiter-engine-5.9.2.jar:5.9.2]
	at org.junit.jupiter.engine.descriptor.TestMethodTestDescriptor.lambda$prepare$0(TestMethodTestDescriptor.java:105) ~[junit-jupiter-engine-5.9.2.jar:5.9.2]
	at org.junit.platform.engine.support.hierarchical.ThrowableCollector.execute(ThrowableCollector.java:73) ~[junit-platform-engine-1.9.2.jar:1.9.2]
	at org.junit.jupiter.engine.descriptor.TestMethodTestDescriptor.prepare(TestMethodTestDescriptor.java:104) ~[junit-jupiter-engine-5.9.2.jar:5.9.2]
	at org.junit.jupiter.engine.descriptor.TestMethodTestDescriptor.prepare(TestMethodTestDescriptor.java:68) ~[junit-jupiter-engine-5.9.2.jar:5.9.2]
	at org.junit.platform.engine.support.hierarchical.NodeTestTask.lambda$prepare$2(NodeTestTask.java:123) ~[junit-platform-engine-1.9.2.jar:1.9.2]
	at org.junit.platform.engine.support.hierarchical.ThrowableCollector.execute(ThrowableCollector.java:73) ~[junit-platform-engine-1.9.2.jar:1.9.2]
	at org.junit.platform.engine.support.hierarchical.NodeTestTask.prepare(NodeTestTask.java:123) ~[junit-platform-engine-1.9.2.jar:1.9.2]
	at org.junit.platform.engine.support.hierarchical.NodeTestTask.execute(NodeTestTask.java:90) ~[junit-platform-engine-1.9.2.jar:1.9.2]
	at java.util.ArrayList.forEach(ArrayList.java:1511) ~[?:?]
	at org.junit.platform.engine.support.hierarchical.SameThreadHierarchicalTestExecutorService.invokeAll(SameThreadHierarchicalTestExecutorService.java:41) ~[junit-platform-engine-1.9.2.jar:1.9.2]
	at org.junit.platform.engine.support.hierarchical.NodeTestTask.lambda$executeRecursively$6(NodeTestTask.java:155) ~[junit-platform-engine-1.9.2.jar:1.9.2]
	at org.junit.platform.engine.support.hierarchical.ThrowableCollector.execute(ThrowableCollector.java:73) ~[junit-platform-engine-1.9.2.jar:1.9.2]
	at org.junit.platform.engine.support.hierarchical.NodeTestTask.lambda$executeRecursively$8(NodeTestTask.java:141) ~[junit-platform-engine-1.9.2.jar:1.9.2]
	at org.junit.platform.engine.support.hierarchical.Node.around(Node.java:137) ~[junit-platform-engine-1.9.2.jar:1.9.2]
	at org.junit.platform.engine.support.hierarchical.NodeTestTask.lambda$executeRecursively$9(NodeTestTask.java:139) ~[junit-platform-engine-1.9.2.jar:1.9.2]
	at org.junit.platform.engine.support.hierarchical.ThrowableCollector.execute(ThrowableCollector.java:73) ~[junit-platform-engine-1.9.2.jar:1.9.2]
	at org.junit.platform.engine.support.hierarchical.NodeTestTask.executeRecursively(NodeTestTask.java:138) ~[junit-platform-engine-1.9.2.jar:1.9.2]
	at org.junit.platform.engine.support.hierarchical.NodeTestTask.execute(NodeTestTask.java:95) ~[junit-platform-engine-1.9.2.jar:1.9.2]
	at java.util.ArrayList.forEach(ArrayList.java:1511) ~[?:?]
	at org.junit.platform.engine.support.hierarchical.SameThreadHierarchicalTestExecutorService.invokeAll(SameThreadHierarchicalTestExecutorService.java:41) ~[junit-platform-engine-1.9.2.jar:1.9.2]
	at org.junit.platform.engine.support.hierarchical.NodeTestTask.lambda$executeRecursively$6(NodeTestTask.java:155) ~[junit-platform-engine-1.9.2.jar:1.9.2]
	at org.junit.platform.engine.support.hierarchical.ThrowableCollector.execute(ThrowableCollector.java:73) ~[junit-platform-engine-1.9.2.jar:1.9.2]
	at org.junit.platform.engine.support.hierarchical.NodeTestTask.lambda$executeRecursively$8(NodeTestTask.java:141) ~[junit-platform-engine-1.9.2.jar:1.9.2]
	at org.junit.platform.engine.support.hierarchical.Node.around(Node.java:137) ~[junit-platform-engine-1.9.2.jar:1.9.2]
	at org.junit.platform.engine.support.hierarchical.NodeTestTask.lambda$executeRecursively$9(NodeTestTask.java:139) ~[junit-platform-engine-1.9.2.jar:1.9.2]
	at org.junit.platform.engine.support.hierarchical.ThrowableCollector.execute(ThrowableCollector.java:73) ~[junit-platform-engine-1.9.2.jar:1.9.2]
	at org.junit.platform.engine.support.hierarchical.NodeTestTask.executeRecursively(NodeTestTask.java:138) ~[junit-platform-engine-1.9.2.jar:1.9.2]
	at org.junit.platform.engine.support.hierarchical.NodeTestTask.execute(NodeTestTask.java:95) ~[junit-platform-engine-1.9.2.jar:1.9.2]
	at org.junit.platform.engine.support.hierarchical.SameThreadHierarchicalTestExecutorService.submit(SameThreadHierarchicalTestExecutorService.java:35) ~[junit-platform-engine-1.9.2.jar:1.9.2]
	at org.junit.platform.engine.support.hierarchical.HierarchicalTestExecutor.execute(HierarchicalTestExecutor.java:57) ~[junit-platform-engine-1.9.2.jar:1.9.2]
	at org.junit.platform.engine.support.hierarchical.HierarchicalTestEngine.execute(HierarchicalTestEngine.java:54) ~[junit-platform-engine-1.9.2.jar:1.9.2]
	at org.junit.platform.launcher.core.EngineExecutionOrchestrator.execute(EngineExecutionOrchestrator.java:147) ~[junit-platform-launcher-1.9.2.jar:1.9.2]
	at org.junit.platform.launcher.core.EngineExecutionOrchestrator.execute(EngineExecutionOrchestrator.java:127) ~[junit-platform-launcher-1.9.2.jar:1.9.2]
	at org.junit.platform.launcher.core.EngineExecutionOrchestrator.execute(EngineExecutionOrchestrator.java:90) ~[junit-platform-launcher-1.9.2.jar:1.9.2]
	at org.junit.platform.launcher.core.EngineExecutionOrchestrator.lambda$execute$0(EngineExecutionOrchestrator.java:55) ~[junit-platform-launcher-1.9.2.jar:1.9.2]
	at org.junit.platform.launcher.core.EngineExecutionOrchestrator.withInterceptedStreams(EngineExecutionOrchestrator.java:102) ~[junit-platform-launcher-1.9.2.jar:1.9.2]
	at org.junit.platform.launcher.core.EngineExecutionOrchestrator.execute(EngineExecutionOrchestrator.java:54) ~[junit-platform-launcher-1.9.2.jar:1.9.2]
	at org.junit.platform.launcher.core.DefaultLauncher.execute(DefaultLauncher.java:114) ~[junit-platform-launcher-1.9.2.jar:1.9.2]
	at org.junit.platform.launcher.core.DefaultLauncher.execute(DefaultLauncher.java:95) ~[junit-platform-launcher-1.9.2.jar:1.9.2]
	at org.junit.platform.launcher.core.DefaultLauncherSession$DelegatingLauncher.execute(DefaultLauncherSession.java:91) ~[junit-platform-launcher-1.9.2.jar:1.9.2]
	at org.junit.platform.launcher.core.SessionPerRequestLauncher.execute(SessionPerRequestLauncher.java:60) ~[junit-platform-launcher-1.9.2.jar:1.9.2]
	at org.eclipse.jdt.internal.junit5.runner.JUnit5TestReference.run(JUnit5TestReference.java:98) ~[.cp/:?]
	at org.eclipse.jdt.internal.junit.runner.TestExecution.run(TestExecution.java:40) ~[.cp/:?]
	at org.eclipse.jdt.internal.junit.runner.RemoteTestRunner.runTests(RemoteTestRunner.java:529) ~[.cp/:?]
	at org.eclipse.jdt.internal.junit.runner.RemoteTestRunner.runTests(RemoteTestRunner.java:756) ~[.cp/:?]
	at org.eclipse.jdt.internal.junit.runner.RemoteTestRunner.run(RemoteTestRunner.java:452) ~[.cp/:?]
	at org.eclipse.jdt.internal.junit.runner.RemoteTestRunner.main(RemoteTestRunner.java:210) ~[.cp/:?]
2023-03-16 15:32:29,883 ERROR o.s.t.c.TestContextManager [main] Caught exception while allowing TestExecutionListener [org.springframework.boot.test.mock.mockito.MockitoTestExecutionListener] to prepare test instance [com.location.IssLocationApplicationTests@22f10ff6]
org.mockito.exceptions.base.MockitoException: 
Cannot instantiate @InjectMocks field named 'issLocationService'! Cause: the type 'LocationService' is an interface.
You haven't provided the instance at field declaration so I tried to construct the instance.
Examples of correct usage of @InjectMocks:
   @InjectMocks Service service = new Service();
   @InjectMocks Service service;
   //and... don't forget about some @Mocks for injection :)

	at org.springframework.boot.test.mock.mockito.MockitoTestExecutionListener.initMocks(MockitoTestExecutionListener.java:83) ~[spring-boot-test-3.0.4.jar:3.0.4]
	at org.springframework.boot.test.mock.mockito.MockitoTestExecutionListener.prepareTestInstance(MockitoTestExecutionListener.java:60) ~[spring-boot-test-3.0.4.jar:3.0.4]
	at org.springframework.test.context.TestContextManager.prepareTestInstance(TestContextManager.java:241) ~[spring-test-6.0.6.jar:6.0.6]
	at org.springframework.test.context.junit.jupiter.SpringExtension.postProcessTestInstance(SpringExtension.java:138) ~[spring-test-6.0.6.jar:6.0.6]
	at org.junit.jupiter.engine.descriptor.ClassBasedTestDescriptor.lambda$invokeTestInstancePostProcessors$10(ClassBasedTestDescriptor.java:377) ~[junit-jupiter-engine-5.9.2.jar:5.9.2]
	at org.junit.jupiter.engine.descriptor.ClassBasedTestDescriptor.executeAndMaskThrowable(ClassBasedTestDescriptor.java:382) ~[junit-jupiter-engine-5.9.2.jar:5.9.2]
	at org.junit.jupiter.engine.descriptor.ClassBasedTestDescriptor.lambda$invokeTestInstancePostProcessors$11(ClassBasedTestDescriptor.java:377) ~[junit-jupiter-engine-5.9.2.jar:5.9.2]
	at java.util.stream.ReferencePipeline$3$1.accept(ReferencePipeline.java:197) ~[?:?]
	at java.util.stream.ReferencePipeline$2$1.accept(ReferencePipeline.java:179) ~[?:?]
	at java.util.ArrayList$ArrayListSpliterator.forEachRemaining(ArrayList.java:1625) ~[?:?]
	at java.util.stream.AbstractPipeline.copyInto(AbstractPipeline.java:509) ~[?:?]
	at java.util.stream.AbstractPipeline.wrapAndCopyInto(AbstractPipeline.java:499) ~[?:?]
	at java.util.stream.StreamSpliterators$WrappingSpliterator.forEachRemaining(StreamSpliterators.java:310) ~[?:?]
	at java.util.stream.Streams$ConcatSpliterator.forEachRemaining(Streams.java:735) ~[?:?]
	at java.util.stream.Streams$ConcatSpliterator.forEachRemaining(Streams.java:734) ~[?:?]
	at java.util.stream.ReferencePipeline$Head.forEach(ReferencePipeline.java:762) ~[?:?]
	at org.junit.jupiter.engine.descriptor.ClassBasedTestDescriptor.invokeTestInstancePostProcessors(ClassBasedTestDescriptor.java:376) ~[junit-jupiter-engine-5.9.2.jar:5.9.2]
	at org.junit.jupiter.engine.descriptor.ClassBasedTestDescriptor.lambda$instantiateAndPostProcessTestInstance$6(ClassBasedTestDescriptor.java:289) ~[junit-jupiter-engine-5.9.2.jar:5.9.2]
	at org.junit.platform.engine.support.hierarchical.ThrowableCollector.execute(ThrowableCollector.java:73) ~[junit-platform-engine-1.9.2.jar:1.9.2]
	at org.junit.jupiter.engine.descriptor.ClassBasedTestDescriptor.instantiateAndPostProcessTestInstance(ClassBasedTestDescriptor.java:288) ~[junit-jupiter-engine-5.9.2.jar:5.9.2]
	at org.junit.jupiter.engine.descriptor.ClassBasedTestDescriptor.lambda$testInstancesProvider$4(ClassBasedTestDescriptor.java:278) ~[junit-jupiter-engine-5.9.2.jar:5.9.2]
	at java.util.Optional.orElseGet(Optional.java:364) ~[?:?]
	at org.junit.jupiter.engine.descriptor.ClassBasedTestDescriptor.lambda$testInstancesProvider$5(ClassBasedTestDescriptor.java:277) ~[junit-jupiter-engine-5.9.2.jar:5.9.2]
	at org.junit.jupiter.engine.execution.TestInstancesProvider.getTestInstances(TestInstancesProvider.java:31) ~[junit-jupiter-engine-5.9.2.jar:5.9.2]
	at org.junit.jupiter.engine.descriptor.TestMethodTestDescriptor.lambda$prepare$0(TestMethodTestDescriptor.java:105) ~[junit-jupiter-engine-5.9.2.jar:5.9.2]
	at org.junit.platform.engine.support.hierarchical.ThrowableCollector.execute(ThrowableCollector.java:73) ~[junit-platform-engine-1.9.2.jar:1.9.2]
	at org.junit.jupiter.engine.descriptor.TestMethodTestDescriptor.prepare(TestMethodTestDescriptor.java:104) ~[junit-jupiter-engine-5.9.2.jar:5.9.2]
	at org.junit.jupiter.engine.descriptor.TestMethodTestDescriptor.prepare(TestMethodTestDescriptor.java:68) ~[junit-jupiter-engine-5.9.2.jar:5.9.2]
	at org.junit.platform.engine.support.hierarchical.NodeTestTask.lambda$prepare$2(NodeTestTask.java:123) ~[junit-platform-engine-1.9.2.jar:1.9.2]
	at org.junit.platform.engine.support.hierarchical.ThrowableCollector.execute(ThrowableCollector.java:73) ~[junit-platform-engine-1.9.2.jar:1.9.2]
	at org.junit.platform.engine.support.hierarchical.NodeTestTask.prepare(NodeTestTask.java:123) ~[junit-platform-engine-1.9.2.jar:1.9.2]
	at org.junit.platform.engine.support.hierarchical.NodeTestTask.execute(NodeTestTask.java:90) ~[junit-platform-engine-1.9.2.jar:1.9.2]
	at java.util.ArrayList.forEach(ArrayList.java:1511) ~[?:?]
	at org.junit.platform.engine.support.hierarchical.SameThreadHierarchicalTestExecutorService.invokeAll(SameThreadHierarchicalTestExecutorService.java:41) ~[junit-platform-engine-1.9.2.jar:1.9.2]
	at org.junit.platform.engine.support.hierarchical.NodeTestTask.lambda$executeRecursively$6(NodeTestTask.java:155) ~[junit-platform-engine-1.9.2.jar:1.9.2]
	at org.junit.platform.engine.support.hierarchical.ThrowableCollector.execute(ThrowableCollector.java:73) ~[junit-platform-engine-1.9.2.jar:1.9.2]
	at org.junit.platform.engine.support.hierarchical.NodeTestTask.lambda$executeRecursively$8(NodeTestTask.java:141) ~[junit-platform-engine-1.9.2.jar:1.9.2]
	at org.junit.platform.engine.support.hierarchical.Node.around(Node.java:137) ~[junit-platform-engine-1.9.2.jar:1.9.2]
	at org.junit.platform.engine.support.hierarchical.NodeTestTask.lambda$executeRecursively$9(NodeTestTask.java:139) ~[junit-platform-engine-1.9.2.jar:1.9.2]
	at org.junit.platform.engine.support.hierarchical.ThrowableCollector.execute(ThrowableCollector.java:73) ~[junit-platform-engine-1.9.2.jar:1.9.2]
	at org.junit.platform.engine.support.hierarchical.NodeTestTask.executeRecursively(NodeTestTask.java:138) ~[junit-platform-engine-1.9.2.jar:1.9.2]
	at org.junit.platform.engine.support.hierarchical.NodeTestTask.execute(NodeTestTask.java:95) ~[junit-platform-engine-1.9.2.jar:1.9.2]
	at java.util.ArrayList.forEach(ArrayList.java:1511) ~[?:?]
	at org.junit.platform.engine.support.hierarchical.SameThreadHierarchicalTestExecutorService.invokeAll(SameThreadHierarchicalTestExecutorService.java:41) ~[junit-platform-engine-1.9.2.jar:1.9.2]
	at org.junit.platform.engine.support.hierarchical.NodeTestTask.lambda$executeRecursively$6(NodeTestTask.java:155) ~[junit-platform-engine-1.9.2.jar:1.9.2]
	at org.junit.platform.engine.support.hierarchical.ThrowableCollector.execute(ThrowableCollector.java:73) ~[junit-platform-engine-1.9.2.jar:1.9.2]
	at org.junit.platform.engine.support.hierarchical.NodeTestTask.lambda$executeRecursively$8(NodeTestTask.java:141) ~[junit-platform-engine-1.9.2.jar:1.9.2]
	at org.junit.platform.engine.support.hierarchical.Node.around(Node.java:137) ~[junit-platform-engine-1.9.2.jar:1.9.2]
	at org.junit.platform.engine.support.hierarchical.NodeTestTask.lambda$executeRecursively$9(NodeTestTask.java:139) ~[junit-platform-engine-1.9.2.jar:1.9.2]
	at org.junit.platform.engine.support.hierarchical.ThrowableCollector.execute(ThrowableCollector.java:73) ~[junit-platform-engine-1.9.2.jar:1.9.2]
	at org.junit.platform.engine.support.hierarchical.NodeTestTask.executeRecursively(NodeTestTask.java:138) ~[junit-platform-engine-1.9.2.jar:1.9.2]
	at org.junit.platform.engine.support.hierarchical.NodeTestTask.execute(NodeTestTask.java:95) ~[junit-platform-engine-1.9.2.jar:1.9.2]
	at org.junit.platform.engine.support.hierarchical.SameThreadHierarchicalTestExecutorService.submit(SameThreadHierarchicalTestExecutorService.java:35) ~[junit-platform-engine-1.9.2.jar:1.9.2]
	at org.junit.platform.engine.support.hierarchical.HierarchicalTestExecutor.execute(HierarchicalTestExecutor.java:57) ~[junit-platform-engine-1.9.2.jar:1.9.2]
	at org.junit.platform.engine.support.hierarchical.HierarchicalTestEngine.execute(HierarchicalTestEngine.java:54) ~[junit-platform-engine-1.9.2.jar:1.9.2]
	at org.junit.platform.launcher.core.EngineExecutionOrchestrator.execute(EngineExecutionOrchestrator.java:147) ~[junit-platform-launcher-1.9.2.jar:1.9.2]
	at org.junit.platform.launcher.core.EngineExecutionOrchestrator.execute(EngineExecutionOrchestrator.java:127) ~[junit-platform-launcher-1.9.2.jar:1.9.2]
	at org.junit.platform.launcher.core.EngineExecutionOrchestrator.execute(EngineExecutionOrchestrator.java:90) ~[junit-platform-launcher-1.9.2.jar:1.9.2]
	at org.junit.platform.launcher.core.EngineExecutionOrchestrator.lambda$execute$0(EngineExecutionOrchestrator.java:55) ~[junit-platform-launcher-1.9.2.jar:1.9.2]
	at org.junit.platform.launcher.core.EngineExecutionOrchestrator.withInterceptedStreams(EngineExecutionOrchestrator.java:102) ~[junit-platform-launcher-1.9.2.jar:1.9.2]
	at org.junit.platform.launcher.core.EngineExecutionOrchestrator.execute(EngineExecutionOrchestrator.java:54) ~[junit-platform-launcher-1.9.2.jar:1.9.2]
	at org.junit.platform.launcher.core.DefaultLauncher.execute(DefaultLauncher.java:114) ~[junit-platform-launcher-1.9.2.jar:1.9.2]
	at org.junit.platform.launcher.core.DefaultLauncher.execute(DefaultLauncher.java:95) ~[junit-platform-launcher-1.9.2.jar:1.9.2]
	at org.junit.platform.launcher.core.DefaultLauncherSession$DelegatingLauncher.execute(DefaultLauncherSession.java:91) ~[junit-platform-launcher-1.9.2.jar:1.9.2]
	at org.junit.platform.launcher.core.SessionPerRequestLauncher.execute(SessionPerRequestLauncher.java:60) ~[junit-platform-launcher-1.9.2.jar:1.9.2]
	at org.eclipse.jdt.internal.junit5.runner.JUnit5TestReference.run(JUnit5TestReference.java:98) ~[.cp/:?]
	at org.eclipse.jdt.internal.junit.runner.TestExecution.run(TestExecution.java:40) ~[.cp/:?]
	at org.eclipse.jdt.internal.junit.runner.RemoteTestRunner.runTests(RemoteTestRunner.java:529) ~[.cp/:?]
	at org.eclipse.jdt.internal.junit.runner.RemoteTestRunner.runTests(RemoteTestRunner.java:756) ~[.cp/:?]
	at org.eclipse.jdt.internal.junit.runner.RemoteTestRunner.run(RemoteTestRunner.java:452) ~[.cp/:?]
	at org.eclipse.jdt.internal.junit.runner.RemoteTestRunner.main(RemoteTestRunner.java:210) ~[.cp/:?]
2023-03-16 15:34:12,744 INFO c.l.IssLocationApplicationTests [main] Starting IssLocationApplicationTests using Java 17.0.4.1 with PID 17384 (started by HP in C:\Users\HP\Documents\casestudy\ISS_Location)
2023-03-16 15:34:12,785 DEBUG c.l.IssLocationApplicationTests [main] Running with Spring Boot v3.0.4, Spring v6.0.6
2023-03-16 15:34:12,794 INFO c.l.IssLocationApplicationTests [main] No active profile set, falling back to 1 default profile: "default"
2023-03-16 15:34:17,624 INFO c.l.IssLocationApplicationTests [main] Started IssLocationApplicationTests in 6.082 seconds (process running for 12.925)
2023-03-16 15:34:20,741 DEBUG c.l.s.LocationServiceImpl [main] Retrieving current location of ISS from API...
2023-03-16 15:38:23,098 INFO c.l.IssLocationApplicationTests [main] Starting IssLocationApplicationTests using Java 17.0.4.1 with PID 19788 (started by HP in C:\Users\HP\Documents\casestudy\ISS_Location)
2023-03-16 15:38:23,121 DEBUG c.l.IssLocationApplicationTests [main] Running with Spring Boot v3.0.4, Spring v6.0.6
2023-03-16 15:38:23,124 INFO c.l.IssLocationApplicationTests [main] No active profile set, falling back to 1 default profile: "default"
2023-03-16 15:38:27,373 INFO c.l.IssLocationApplicationTests [main] Started IssLocationApplicationTests in 5.052 seconds (process running for 11.341)
2023-03-16 15:38:29,502 DEBUG c.l.s.LocationServiceImpl [main] Retrieving current location of ISS from API...
2023-03-16 15:40:58,418 INFO c.l.IssLocationApplication [restartedMain] Starting IssLocationApplication using Java 17.0.4.1 with PID 18424 (C:\Users\HP\Documents\casestudy\ISS_Location\target\classes started by HP in C:\Users\HP\Documents\casestudy\ISS_Location)
2023-03-16 15:40:58,419 DEBUG c.l.IssLocationApplication [restartedMain] Running with Spring Boot v3.0.4, Spring v6.0.6
2023-03-16 15:40:58,420 INFO c.l.IssLocationApplication [restartedMain] No active profile set, falling back to 1 default profile: "default"
2023-03-16 15:40:59,300 INFO c.l.IssLocationApplication [restartedMain] Started IssLocationApplication in 0.939 seconds (process running for 624.814)
2023-03-16 15:41:27,919 INFO c.l.IssLocationApplicationTests [main] Starting IssLocationApplicationTests using Java 17.0.4.1 with PID 20628 (started by HP in C:\Users\HP\Documents\casestudy\ISS_Location)
2023-03-16 15:41:27,936 DEBUG c.l.IssLocationApplicationTests [main] Running with Spring Boot v3.0.4, Spring v6.0.6
2023-03-16 15:41:27,939 INFO c.l.IssLocationApplicationTests [main] No active profile set, falling back to 1 default profile: "default"
2023-03-16 15:41:32,078 INFO c.l.IssLocationApplicationTests [main] Started IssLocationApplicationTests in 5.048 seconds (process running for 11.524)
2023-03-16 15:41:34,179 DEBUG c.l.s.LocationServiceImpl [main] Retrieving current location of ISS from API...
2023-03-16 15:44:59,800 INFO c.l.IssLocationApplicationTests [main] Starting IssLocationApplicationTests using Java 17.0.4.1 with PID 12028 (started by HP in C:\Users\HP\Documents\casestudy\ISS_Location)
2023-03-16 15:44:59,831 DEBUG c.l.IssLocationApplicationTests [main] Running with Spring Boot v3.0.4, Spring v6.0.6
2023-03-16 15:44:59,836 INFO c.l.IssLocationApplicationTests [main] No active profile set, falling back to 1 default profile: "default"
2023-03-16 15:45:04,720 INFO c.l.IssLocationApplicationTests [main] Started IssLocationApplicationTests in 5.973 seconds (process running for 11.534)
2023-03-16 15:45:07,095 DEBUG c.l.s.LocationServiceImpl [main] Retrieving current location of ISS from API...
2023-03-16 15:50:09,799 INFO c.l.IssLocationControllerTest [main] Starting IssLocationControllerTest using Java 17.0.4.1 with PID 17204 (started by HP in C:\Users\HP\Documents\casestudy\ISS_Location)
2023-03-16 15:50:09,840 DEBUG c.l.IssLocationControllerTest [main] Running with Spring Boot v3.0.4, Spring v6.0.6
2023-03-16 15:50:09,844 INFO c.l.IssLocationControllerTest [main] No active profile set, falling back to 1 default profile: "default"
2023-03-16 15:50:16,456 INFO c.l.IssLocationControllerTest [main] Started IssLocationControllerTest in 7.583 seconds (process running for 12.848)
2023-03-16 15:50:16,667 DEBUG c.l.c.ISSLocationController [main] Getting current location of ISS...
2023-03-16 15:50:16,780 DEBUG c.l.c.ISSLocationController [main] Getting current location of ISS...
2023-03-16 15:50:16,815 DEBUG c.l.c.ISSLocationController [main] Getting current location of ISS...
2023-03-16 15:51:39,548 INFO c.l.IssLocationControllerTest [main] Starting IssLocationControllerTest using Java 17.0.4.1 with PID 22260 (started by HP in C:\Users\HP\Documents\casestudy\ISS_Location)
2023-03-16 15:51:39,587 DEBUG c.l.IssLocationControllerTest [main] Running with Spring Boot v3.0.4, Spring v6.0.6
2023-03-16 15:51:39,593 INFO c.l.IssLocationControllerTest [main] No active profile set, falling back to 1 default profile: "default"
2023-03-16 15:51:46,718 INFO c.l.IssLocationControllerTest [main] Started IssLocationControllerTest in 8.299 seconds (process running for 13.69)
2023-03-16 15:51:46,852 DEBUG c.l.c.ISSLocationController [main] Getting current location of ISS...
2023-03-16 15:51:46,925 DEBUG c.l.c.ISSLocationController [main] Getting current location of ISS...
2023-03-16 15:51:46,942 DEBUG c.l.c.ISSLocationController [main] Getting current location of ISS...
2023-03-16 16:16:52,498 INFO c.l.IssLocationApplication [restartedMain] Starting IssLocationApplication using Java 17.0.4.1 with PID 15060 (C:\Users\HP\Documents\casestudy\ISS_Location\target\classes started by HP in C:\Users\HP\Documents\casestudy\ISS_Location)
2023-03-16 16:16:52,518 DEBUG c.l.IssLocationApplication [restartedMain] Running with Spring Boot v3.0.4, Spring v6.0.6
2023-03-16 16:16:52,521 INFO c.l.IssLocationApplication [restartedMain] No active profile set, falling back to 1 default profile: "default"
2023-03-16 16:16:55,738 INFO c.l.IssLocationApplication [restartedMain] Started IssLocationApplication in 3.71 seconds (process running for 4.872)
2023-03-16 16:17:09,353 DEBUG c.l.c.ISSLocationController [http-nio-8080-exec-2] Getting current location of ISS...
2023-03-16 16:17:09,353 DEBUG c.l.s.LocationServiceImpl [http-nio-8080-exec-2] Retrieving current location of ISS from API...
2023-03-16 16:17:11,551 DEBUG c.l.s.LocationServiceImpl [http-nio-8080-exec-2] Retrieved current location of ISS from API: [latitude=-47.928821435222, longitude=-26.947138446377]
2023-03-16 16:17:35,099 INFO c.l.IssLocationApplicationTests [main] Starting IssLocationApplicationTests using Java 17.0.4.1 with PID 10012 (started by HP in C:\Users\HP\Documents\casestudy\ISS_Location)
2023-03-16 16:17:35,128 DEBUG c.l.IssLocationApplicationTests [main] Running with Spring Boot v3.0.4, Spring v6.0.6
2023-03-16 16:17:35,132 INFO c.l.IssLocationApplicationTests [main] No active profile set, falling back to 1 default profile: "default"
2023-03-16 16:17:39,461 INFO c.l.IssLocationApplicationTests [main] Started IssLocationApplicationTests in 5.329 seconds (process running for 10.61)
2023-03-16 16:17:41,761 DEBUG c.l.s.LocationServiceImpl [main] Retrieving current location of ISS from API...
2023-03-16 19:07:32,833 INFO c.l.IssLocationControllerTest [main] Starting IssLocationControllerTest using Java 17.0.4.1 with PID 6944 (started by HP in C:\Users\HP\Documents\casestudy\ISS_Location)
2023-03-16 19:07:32,867 DEBUG c.l.IssLocationControllerTest [main] Running with Spring Boot v3.0.4, Spring v6.0.6
2023-03-16 19:07:32,871 INFO c.l.IssLocationControllerTest [main] No active profile set, falling back to 1 default profile: "default"
2023-03-16 19:07:39,214 INFO c.l.IssLocationControllerTest [main] Started IssLocationControllerTest in 7.284 seconds (process running for 12.527)
2023-03-16 19:07:39,411 DEBUG c.l.c.ISSLocationController [main] Getting current location of ISS...
2023-03-16 19:08:24,083 INFO c.l.IssLocationControllerTest [main] Starting IssLocationControllerTest using Java 17.0.4.1 with PID 20708 (started by HP in C:\Users\HP\Documents\casestudy\ISS_Location)
2023-03-16 19:08:24,109 DEBUG c.l.IssLocationControllerTest [main] Running with Spring Boot v3.0.4, Spring v6.0.6
2023-03-16 19:08:24,114 INFO c.l.IssLocationControllerTest [main] No active profile set, falling back to 1 default profile: "default"
2023-03-16 19:08:30,201 INFO c.l.IssLocationControllerTest [main] Started IssLocationControllerTest in 7.045 seconds (process running for 12.293)
2023-03-16 19:08:30,344 ERROR o.s.t.c.TestContextManager [main] Caught exception while allowing TestExecutionListener [org.springframework.boot.test.mock.mockito.MockitoTestExecutionListener] to prepare test instance [com.location.IssLocationControllerTest@37e57a20]
org.springframework.beans.factory.BeanCreationException: Could not inject field: private com.location.service.LocationService com.location.IssLocationControllerTest.locationService
	at org.springframework.boot.test.mock.mockito.MockitoPostProcessor.inject(MockitoPostProcessor.java:369) ~[spring-boot-test-3.0.4.jar:3.0.4]
	at org.springframework.boot.test.mock.mockito.MockitoPostProcessor.inject(MockitoPostProcessor.java:353) ~[spring-boot-test-3.0.4.jar:3.0.4]
	at org.springframework.boot.test.mock.mockito.MockitoTestExecutionListener.lambda$injectFields$0(MockitoTestExecutionListener.java:94) ~[spring-boot-test-3.0.4.jar:3.0.4]
	at org.springframework.boot.test.mock.mockito.MockitoTestExecutionListener.postProcessFields(MockitoTestExecutionListener.java:115) ~[spring-boot-test-3.0.4.jar:3.0.4]
	at org.springframework.boot.test.mock.mockito.MockitoTestExecutionListener.injectFields(MockitoTestExecutionListener.java:94) ~[spring-boot-test-3.0.4.jar:3.0.4]
	at org.springframework.boot.test.mock.mockito.MockitoTestExecutionListener.prepareTestInstance(MockitoTestExecutionListener.java:61) ~[spring-boot-test-3.0.4.jar:3.0.4]
	at org.springframework.test.context.TestContextManager.prepareTestInstance(TestContextManager.java:241) ~[spring-test-6.0.6.jar:6.0.6]
	at org.springframework.test.context.junit.jupiter.SpringExtension.postProcessTestInstance(SpringExtension.java:138) ~[spring-test-6.0.6.jar:6.0.6]
	at org.junit.jupiter.engine.descriptor.ClassBasedTestDescriptor.lambda$invokeTestInstancePostProcessors$10(ClassBasedTestDescriptor.java:377) ~[junit-jupiter-engine-5.9.2.jar:5.9.2]
	at org.junit.jupiter.engine.descriptor.ClassBasedTestDescriptor.executeAndMaskThrowable(ClassBasedTestDescriptor.java:382) ~[junit-jupiter-engine-5.9.2.jar:5.9.2]
	at org.junit.jupiter.engine.descriptor.ClassBasedTestDescriptor.lambda$invokeTestInstancePostProcessors$11(ClassBasedTestDescriptor.java:377) ~[junit-jupiter-engine-5.9.2.jar:5.9.2]
	at java.util.stream.ReferencePipeline$3$1.accept(ReferencePipeline.java:197) ~[?:?]
	at java.util.stream.ReferencePipeline$2$1.accept(ReferencePipeline.java:179) ~[?:?]
	at java.util.ArrayList$ArrayListSpliterator.forEachRemaining(ArrayList.java:1625) ~[?:?]
	at java.util.stream.AbstractPipeline.copyInto(AbstractPipeline.java:509) ~[?:?]
	at java.util.stream.AbstractPipeline.wrapAndCopyInto(AbstractPipeline.java:499) ~[?:?]
	at java.util.stream.StreamSpliterators$WrappingSpliterator.forEachRemaining(StreamSpliterators.java:310) ~[?:?]
	at java.util.stream.Streams$ConcatSpliterator.forEachRemaining(Streams.java:735) ~[?:?]
	at java.util.stream.Streams$ConcatSpliterator.forEachRemaining(Streams.java:734) ~[?:?]
	at java.util.stream.ReferencePipeline$Head.forEach(ReferencePipeline.java:762) ~[?:?]
	at org.junit.jupiter.engine.descriptor.ClassBasedTestDescriptor.invokeTestInstancePostProcessors(ClassBasedTestDescriptor.java:376) ~[junit-jupiter-engine-5.9.2.jar:5.9.2]
	at org.junit.jupiter.engine.descriptor.ClassBasedTestDescriptor.lambda$instantiateAndPostProcessTestInstance$6(ClassBasedTestDescriptor.java:289) ~[junit-jupiter-engine-5.9.2.jar:5.9.2]
	at org.junit.platform.engine.support.hierarchical.ThrowableCollector.execute(ThrowableCollector.java:73) ~[junit-platform-engine-1.9.2.jar:1.9.2]
	at org.junit.jupiter.engine.descriptor.ClassBasedTestDescriptor.instantiateAndPostProcessTestInstance(ClassBasedTestDescriptor.java:288) ~[junit-jupiter-engine-5.9.2.jar:5.9.2]
	at org.junit.jupiter.engine.descriptor.ClassBasedTestDescriptor.lambda$testInstancesProvider$4(ClassBasedTestDescriptor.java:278) ~[junit-jupiter-engine-5.9.2.jar:5.9.2]
	at java.util.Optional.orElseGet(Optional.java:364) ~[?:?]
	at org.junit.jupiter.engine.descriptor.ClassBasedTestDescriptor.lambda$testInstancesProvider$5(ClassBasedTestDescriptor.java:277) ~[junit-jupiter-engine-5.9.2.jar:5.9.2]
	at org.junit.jupiter.engine.execution.TestInstancesProvider.getTestInstances(TestInstancesProvider.java:31) ~[junit-jupiter-engine-5.9.2.jar:5.9.2]
	at org.junit.jupiter.engine.descriptor.TestMethodTestDescriptor.lambda$prepare$0(TestMethodTestDescriptor.java:105) ~[junit-jupiter-engine-5.9.2.jar:5.9.2]
	at org.junit.platform.engine.support.hierarchical.ThrowableCollector.execute(ThrowableCollector.java:73) ~[junit-platform-engine-1.9.2.jar:1.9.2]
	at org.junit.jupiter.engine.descriptor.TestMethodTestDescriptor.prepare(TestMethodTestDescriptor.java:104) ~[junit-jupiter-engine-5.9.2.jar:5.9.2]
	at org.junit.jupiter.engine.descriptor.TestMethodTestDescriptor.prepare(TestMethodTestDescriptor.java:68) ~[junit-jupiter-engine-5.9.2.jar:5.9.2]
	at org.junit.platform.engine.support.hierarchical.NodeTestTask.lambda$prepare$2(NodeTestTask.java:123) ~[junit-platform-engine-1.9.2.jar:1.9.2]
	at org.junit.platform.engine.support.hierarchical.ThrowableCollector.execute(ThrowableCollector.java:73) ~[junit-platform-engine-1.9.2.jar:1.9.2]
	at org.junit.platform.engine.support.hierarchical.NodeTestTask.prepare(NodeTestTask.java:123) ~[junit-platform-engine-1.9.2.jar:1.9.2]
	at org.junit.platform.engine.support.hierarchical.NodeTestTask.execute(NodeTestTask.java:90) ~[junit-platform-engine-1.9.2.jar:1.9.2]
	at java.util.ArrayList.forEach(ArrayList.java:1511) ~[?:?]
	at org.junit.platform.engine.support.hierarchical.SameThreadHierarchicalTestExecutorService.invokeAll(SameThreadHierarchicalTestExecutorService.java:41) ~[junit-platform-engine-1.9.2.jar:1.9.2]
	at org.junit.platform.engine.support.hierarchical.NodeTestTask.lambda$executeRecursively$6(NodeTestTask.java:155) ~[junit-platform-engine-1.9.2.jar:1.9.2]
	at org.junit.platform.engine.support.hierarchical.ThrowableCollector.execute(ThrowableCollector.java:73) ~[junit-platform-engine-1.9.2.jar:1.9.2]
	at org.junit.platform.engine.support.hierarchical.NodeTestTask.lambda$executeRecursively$8(NodeTestTask.java:141) ~[junit-platform-engine-1.9.2.jar:1.9.2]
	at org.junit.platform.engine.support.hierarchical.Node.around(Node.java:137) ~[junit-platform-engine-1.9.2.jar:1.9.2]
	at org.junit.platform.engine.support.hierarchical.NodeTestTask.lambda$executeRecursively$9(NodeTestTask.java:139) ~[junit-platform-engine-1.9.2.jar:1.9.2]
	at org.junit.platform.engine.support.hierarchical.ThrowableCollector.execute(ThrowableCollector.java:73) ~[junit-platform-engine-1.9.2.jar:1.9.2]
	at org.junit.platform.engine.support.hierarchical.NodeTestTask.executeRecursively(NodeTestTask.java:138) ~[junit-platform-engine-1.9.2.jar:1.9.2]
	at org.junit.platform.engine.support.hierarchical.NodeTestTask.execute(NodeTestTask.java:95) ~[junit-platform-engine-1.9.2.jar:1.9.2]
	at java.util.ArrayList.forEach(ArrayList.java:1511) ~[?:?]
	at org.junit.platform.engine.support.hierarchical.SameThreadHierarchicalTestExecutorService.invokeAll(SameThreadHierarchicalTestExecutorService.java:41) ~[junit-platform-engine-1.9.2.jar:1.9.2]
	at org.junit.platform.engine.support.hierarchical.NodeTestTask.lambda$executeRecursively$6(NodeTestTask.java:155) ~[junit-platform-engine-1.9.2.jar:1.9.2]
	at org.junit.platform.engine.support.hierarchical.ThrowableCollector.execute(ThrowableCollector.java:73) ~[junit-platform-engine-1.9.2.jar:1.9.2]
	at org.junit.platform.engine.support.hierarchical.NodeTestTask.lambda$executeRecursively$8(NodeTestTask.java:141) ~[junit-platform-engine-1.9.2.jar:1.9.2]
	at org.junit.platform.engine.support.hierarchical.Node.around(Node.java:137) ~[junit-platform-engine-1.9.2.jar:1.9.2]
	at org.junit.platform.engine.support.hierarchical.NodeTestTask.lambda$executeRecursively$9(NodeTestTask.java:139) ~[junit-platform-engine-1.9.2.jar:1.9.2]
	at org.junit.platform.engine.support.hierarchical.ThrowableCollector.execute(ThrowableCollector.java:73) ~[junit-platform-engine-1.9.2.jar:1.9.2]
	at org.junit.platform.engine.support.hierarchical.NodeTestTask.executeRecursively(NodeTestTask.java:138) ~[junit-platform-engine-1.9.2.jar:1.9.2]
	at org.junit.platform.engine.support.hierarchical.NodeTestTask.execute(NodeTestTask.java:95) ~[junit-platform-engine-1.9.2.jar:1.9.2]
	at org.junit.platform.engine.support.hierarchical.SameThreadHierarchicalTestExecutorService.submit(SameThreadHierarchicalTestExecutorService.java:35) ~[junit-platform-engine-1.9.2.jar:1.9.2]
	at org.junit.platform.engine.support.hierarchical.HierarchicalTestExecutor.execute(HierarchicalTestExecutor.java:57) ~[junit-platform-engine-1.9.2.jar:1.9.2]
	at org.junit.platform.engine.support.hierarchical.HierarchicalTestEngine.execute(HierarchicalTestEngine.java:54) ~[junit-platform-engine-1.9.2.jar:1.9.2]
	at org.junit.platform.launcher.core.EngineExecutionOrchestrator.execute(EngineExecutionOrchestrator.java:147) ~[junit-platform-launcher-1.9.2.jar:1.9.2]
	at org.junit.platform.launcher.core.EngineExecutionOrchestrator.execute(EngineExecutionOrchestrator.java:127) ~[junit-platform-launcher-1.9.2.jar:1.9.2]
	at org.junit.platform.launcher.core.EngineExecutionOrchestrator.execute(EngineExecutionOrchestrator.java:90) ~[junit-platform-launcher-1.9.2.jar:1.9.2]
	at org.junit.platform.launcher.core.EngineExecutionOrchestrator.lambda$execute$0(EngineExecutionOrchestrator.java:55) ~[junit-platform-launcher-1.9.2.jar:1.9.2]
	at org.junit.platform.launcher.core.EngineExecutionOrchestrator.withInterceptedStreams(EngineExecutionOrchestrator.java:102) ~[junit-platform-launcher-1.9.2.jar:1.9.2]
	at org.junit.platform.launcher.core.EngineExecutionOrchestrator.execute(EngineExecutionOrchestrator.java:54) ~[junit-platform-launcher-1.9.2.jar:1.9.2]
	at org.junit.platform.launcher.core.DefaultLauncher.execute(DefaultLauncher.java:114) ~[junit-platform-launcher-1.9.2.jar:1.9.2]
	at org.junit.platform.launcher.core.DefaultLauncher.execute(DefaultLauncher.java:95) ~[junit-platform-launcher-1.9.2.jar:1.9.2]
	at org.junit.platform.launcher.core.DefaultLauncherSession$DelegatingLauncher.execute(DefaultLauncherSession.java:91) ~[junit-platform-launcher-1.9.2.jar:1.9.2]
	at org.junit.platform.launcher.core.SessionPerRequestLauncher.execute(SessionPerRequestLauncher.java:60) ~[junit-platform-launcher-1.9.2.jar:1.9.2]
	at org.eclipse.jdt.internal.junit5.runner.JUnit5TestReference.run(JUnit5TestReference.java:98) ~[.cp/:?]
	at org.eclipse.jdt.internal.junit.runner.TestExecution.run(TestExecution.java:40) ~[.cp/:?]
	at org.eclipse.jdt.internal.junit.runner.RemoteTestRunner.runTests(RemoteTestRunner.java:529) ~[.cp/:?]
	at org.eclipse.jdt.internal.junit.runner.RemoteTestRunner.runTests(RemoteTestRunner.java:756) ~[.cp/:?]
	at org.eclipse.jdt.internal.junit.runner.RemoteTestRunner.run(RemoteTestRunner.java:452) ~[.cp/:?]
	at org.eclipse.jdt.internal.junit.runner.RemoteTestRunner.main(RemoteTestRunner.java:210) ~[.cp/:?]
Caused by: java.lang.IllegalStateException: The existing value 'com.location.service.LocationServiceImpl@4f36fc2d' of field 'private com.location.service.LocationService com.location.IssLocationControllerTest.locationService' is not the same as the new value 'locationServiceImpl bean'
	at org.springframework.util.Assert.state(Assert.java:97) ~[spring-core-6.0.6.jar:6.0.6]
	at org.springframework.boot.test.mock.mockito.MockitoPostProcessor.inject(MockitoPostProcessor.java:364) ~[spring-boot-test-3.0.4.jar:3.0.4]
	... 74 more
2023-03-16 19:09:04,449 INFO c.l.IssLocationControllerTest [main] Starting IssLocationControllerTest using Java 17.0.4.1 with PID 20536 (started by HP in C:\Users\HP\Documents\casestudy\ISS_Location)
2023-03-16 19:09:04,482 DEBUG c.l.IssLocationControllerTest [main] Running with Spring Boot v3.0.4, Spring v6.0.6
2023-03-16 19:09:04,485 INFO c.l.IssLocationControllerTest [main] No active profile set, falling back to 1 default profile: "default"
2023-03-16 19:09:08,949 INFO c.l.IssLocationControllerTest [main] Started IssLocationControllerTest in 5.352 seconds (process running for 10.505)
2023-03-16 19:09:10,810 DEBUG c.l.c.ISSLocationController [main] Getting current location of ISS...
2023-03-16 19:14:58,273 INFO c.l.IssLocationControllerTest [main] Starting IssLocationControllerTest using Java 17.0.4.1 with PID 21236 (started by HP in C:\Users\HP\Documents\casestudy\ISS_Location)
2023-03-16 19:14:58,307 DEBUG c.l.IssLocationControllerTest [main] Running with Spring Boot v3.0.4, Spring v6.0.6
2023-03-16 19:14:58,313 INFO c.l.IssLocationControllerTest [main] No active profile set, falling back to 1 default profile: "default"
2023-03-16 19:15:02,605 INFO c.l.IssLocationControllerTest [main] Started IssLocationControllerTest in 5.335 seconds (process running for 10.541)
2023-03-16 19:15:04,350 DEBUG c.l.c.ISSLocationController [main] Getting current location of ISS...
2023-03-16 19:17:18,355 INFO c.l.IssLocationControllerTest [main] Starting IssLocationControllerTest using Java 17.0.4.1 with PID 18360 (started by HP in C:\Users\HP\Documents\casestudy\ISS_Location)
2023-03-16 19:17:18,387 DEBUG c.l.IssLocationControllerTest [main] Running with Spring Boot v3.0.4, Spring v6.0.6
2023-03-16 19:17:18,389 INFO c.l.IssLocationControllerTest [main] No active profile set, falling back to 1 default profile: "default"
2023-03-16 19:17:22,601 INFO c.l.IssLocationControllerTest [main] Started IssLocationControllerTest in 5.12 seconds (process running for 10.362)
2023-03-16 19:18:04,373 INFO c.l.IssLocationControllerTest [main] Starting IssLocationControllerTest using Java 17.0.4.1 with PID 22520 (started by HP in C:\Users\HP\Documents\casestudy\ISS_Location)
2023-03-16 19:18:04,412 DEBUG c.l.IssLocationControllerTest [main] Running with Spring Boot v3.0.4, Spring v6.0.6
2023-03-16 19:18:04,417 INFO c.l.IssLocationControllerTest [main] No active profile set, falling back to 1 default profile: "default"
2023-03-16 19:18:09,235 INFO c.l.IssLocationControllerTest [main] Started IssLocationControllerTest in 5.804 seconds (process running for 11.008)
2023-03-16 19:19:06,287 INFO c.l.IssLocationControllerTest [main] Starting IssLocationControllerTest using Java 17.0.4.1 with PID 16180 (started by HP in C:\Users\HP\Documents\casestudy\ISS_Location)
2023-03-16 19:19:06,319 DEBUG c.l.IssLocationControllerTest [main] Running with Spring Boot v3.0.4, Spring v6.0.6
2023-03-16 19:19:06,323 INFO c.l.IssLocationControllerTest [main] No active profile set, falling back to 1 default profile: "default"
2023-03-16 19:19:10,834 INFO c.l.IssLocationControllerTest [main] Started IssLocationControllerTest in 5.434 seconds (process running for 10.678)
2023-03-16 19:20:48,646 INFO c.l.IssLocationControllerTest [main] Starting IssLocationControllerTest using Java 17.0.4.1 with PID 2632 (started by HP in C:\Users\HP\Documents\casestudy\ISS_Location)
2023-03-16 19:20:48,687 DEBUG c.l.IssLocationControllerTest [main] Running with Spring Boot v3.0.4, Spring v6.0.6
2023-03-16 19:20:48,691 INFO c.l.IssLocationControllerTest [main] No active profile set, falling back to 1 default profile: "default"
2023-03-16 19:20:53,900 INFO c.l.IssLocationControllerTest [main] Started IssLocationControllerTest in 6.247 seconds (process running for 11.621)
2023-03-16 19:20:55,651 DEBUG c.l.c.ISSLocationController [main] Getting current location of ISS...
2023-03-16 19:25:12,397 INFO c.l.IssLocationControllerTest [main] Starting IssLocationControllerTest using Java 17.0.4.1 with PID 21328 (started by HP in C:\Users\HP\Documents\casestudy\ISS_Location)
2023-03-16 19:25:12,445 DEBUG c.l.IssLocationControllerTest [main] Running with Spring Boot v3.0.4, Spring v6.0.6
2023-03-16 19:25:12,451 INFO c.l.IssLocationControllerTest [main] No active profile set, falling back to 1 default profile: "default"
2023-03-16 19:25:17,006 INFO c.l.IssLocationControllerTest [main] Started IssLocationControllerTest in 5.567 seconds (process running for 10.996)
2023-03-16 19:25:18,795 DEBUG c.l.c.ISSLocationController [main] Getting current location of ISS...
2023-03-16 19:26:16,584 INFO c.l.IssLocationControllerTest [main] Starting IssLocationControllerTest using Java 17.0.4.1 with PID 1072 (started by HP in C:\Users\HP\Documents\casestudy\ISS_Location)
2023-03-16 19:26:16,607 DEBUG c.l.IssLocationControllerTest [main] Running with Spring Boot v3.0.4, Spring v6.0.6
2023-03-16 19:26:16,611 INFO c.l.IssLocationControllerTest [main] No active profile set, falling back to 1 default profile: "default"
2023-03-16 19:26:20,837 INFO c.l.IssLocationControllerTest [main] Started IssLocationControllerTest in 5.199 seconds (process running for 10.303)
2023-03-16 19:26:22,668 DEBUG c.l.c.ISSLocationController [main] Getting current location of ISS...
2023-03-16 21:08:09,358 DEBUG c.l.c.ISSLocationController [main] Getting current location of ISS...
2023-03-16 21:08:56,514 DEBUG c.l.c.ISSLocationController [main] Getting current location of ISS...
2023-03-16 21:08:56,609 DEBUG c.l.c.ISSLocationController [main] Getting current location of ISS...
2023-03-16 21:08:56,616 ERROR c.l.c.ISSLocationController [main] Error getting current location of ISS: Something went wrong
2023-03-16 21:13:36,119 DEBUG c.l.s.LocationServiceImpl [main] Retrieving current location of ISS from API...
2023-03-16 21:13:36,180 ERROR c.l.s.LocationServiceImpl [main] Error retrieving current location of ISS from API: 
Strict stubbing argument mismatch. Please check:
 - this invocation of 'getForEntity' method:
    restTemplateMock.getForEntity(
    "http://api.open-notify.org/iss-now.json",
    class com.location.response.ISSLocation
);
    -> at com.location.service.LocationServiceImpl.getCurrentLocation(LocationServiceImpl.java:41)
 - has following stubbing(s) with different arguments:
    1. restTemplateMock.getForEntity(null, null);
      -> at com.location.IssLocationApplicationTests.testGetCurrentLocation_Success(IssLocationApplicationTests.java:47)
Typically, stubbing argument mismatch indicates user mistake when writing tests.
Mockito fails early so that you can debug potential problem easily.
However, there are legit scenarios when this exception generates false negative signal:
  - stubbing the same method multiple times using 'given().will()' or 'when().then()' API
    Please use 'will().given()' or 'doReturn().when()' API for stubbing.
  - stubbed method is intentionally invoked with different arguments by code under test
    Please use default or 'silent' JUnit Rule (equivalent of Strictness.LENIENT).
For more information see javadoc for PotentialStubbingProblem class.
2023-03-16 21:15:13,696 DEBUG c.l.s.LocationServiceImpl [main] Retrieving current location of ISS from API...
2023-03-16 21:15:13,755 ERROR c.l.s.LocationServiceImpl [main] Error retrieving current location of ISS from API: 
Strict stubbing argument mismatch. Please check:
 - this invocation of 'getForEntity' method:
    restTemplateMock.getForEntity(
    "http://api.open-notify.org/iss-now.json",
    class com.location.response.ISSLocation
);
    -> at com.location.service.LocationServiceImpl.getCurrentLocation(LocationServiceImpl.java:41)
 - has following stubbing(s) with different arguments:
    1. restTemplateMock.getForEntity(null, null);
      -> at com.location.IssLocationApplicationTests.testGetCurrentLocation_Success(IssLocationApplicationTests.java:47)
Typically, stubbing argument mismatch indicates user mistake when writing tests.
Mockito fails early so that you can debug potential problem easily.
However, there are legit scenarios when this exception generates false negative signal:
  - stubbing the same method multiple times using 'given().will()' or 'when().then()' API
    Please use 'will().given()' or 'doReturn().when()' API for stubbing.
  - stubbed method is intentionally invoked with different arguments by code under test
    Please use default or 'silent' JUnit Rule (equivalent of Strictness.LENIENT).
For more information see javadoc for PotentialStubbingProblem class.
2023-03-16 21:16:32,795 DEBUG c.l.s.LocationServiceImpl [main] Retrieving current location of ISS from API...
2023-03-16 21:16:32,861 ERROR c.l.s.LocationServiceImpl [main] Error retrieving current location of ISS from API: 
Strict stubbing argument mismatch. Please check:
 - this invocation of 'getForEntity' method:
    restTemplateMock.getForEntity(
    "http://api.open-notify.org/iss-now.json",
    class com.location.response.ISSLocation
);
    -> at com.location.service.LocationServiceImpl.getCurrentLocation(LocationServiceImpl.java:41)
 - has following stubbing(s) with different arguments:
    1. restTemplateMock.getForEntity(null, null);
      -> at com.location.IssLocationApplicationTests.testGetCurrentLocation_Success(IssLocationApplicationTests.java:47)
Typically, stubbing argument mismatch indicates user mistake when writing tests.
Mockito fails early so that you can debug potential problem easily.
However, there are legit scenarios when this exception generates false negative signal:
  - stubbing the same method multiple times using 'given().will()' or 'when().then()' API
    Please use 'will().given()' or 'doReturn().when()' API for stubbing.
  - stubbed method is intentionally invoked with different arguments by code under test
    Please use default or 'silent' JUnit Rule (equivalent of Strictness.LENIENT).
For more information see javadoc for PotentialStubbingProblem class.
2023-03-16 21:16:32,977 DEBUG c.l.c.ISSLocationController [main] Getting current location of ISS...
2023-03-16 21:16:33,016 DEBUG c.l.c.ISSLocationController [main] Getting current location of ISS...
2023-03-16 21:16:33,020 ERROR c.l.c.ISSLocationController [main] Error getting current location of ISS: Something went wrong
2023-03-16 21:29:16,541 DEBUG c.l.s.LocationServiceImpl [main] Retrieving current location of ISS from API...
2023-03-16 21:29:16,610 ERROR c.l.s.LocationServiceImpl [main] Error retrieving current location of ISS from API: 
Strict stubbing argument mismatch. Please check:
 - this invocation of 'getForEntity' method:
    restTemplateMock.getForEntity(
    "http://api.open-notify.org/iss-now.json",
    class com.location.response.ISSLocation
);
    -> at com.location.service.LocationServiceImpl.getCurrentLocation(LocationServiceImpl.java:41)
 - has following stubbing(s) with different arguments:
    1. restTemplateMock.getForEntity(null, null);
      -> at com.location.IssLocationApplicationTests.testGetCurrentLocation_Success(IssLocationApplicationTests.java:52)
Typically, stubbing argument mismatch indicates user mistake when writing tests.
Mockito fails early so that you can debug potential problem easily.
However, there are legit scenarios when this exception generates false negative signal:
  - stubbing the same method multiple times using 'given().will()' or 'when().then()' API
    Please use 'will().given()' or 'doReturn().when()' API for stubbing.
  - stubbed method is intentionally invoked with different arguments by code under test
    Please use default or 'silent' JUnit Rule (equivalent of Strictness.LENIENT).
For more information see javadoc for PotentialStubbingProblem class.
2023-03-16 21:29:16,708 DEBUG c.l.c.ISSLocationController [main] Getting current location of ISS...
2023-03-16 21:29:16,753 DEBUG c.l.c.ISSLocationController [main] Getting current location of ISS...
2023-03-16 21:29:16,755 ERROR c.l.c.ISSLocationController [main] Error getting current location of ISS: Something went wrong
2023-03-16 21:30:40,642 DEBUG c.l.s.LocationServiceImpl [main] Retrieving current location of ISS from API...
2023-03-16 21:30:40,695 ERROR c.l.s.LocationServiceImpl [main] Error retrieving current location of ISS from API: 
Strict stubbing argument mismatch. Please check:
 - this invocation of 'getForEntity' method:
    restTemplateMock.getForEntity(
    "http://api.open-notify.org/iss-now.json",
    class com.location.response.ISSLocation
);
    -> at com.location.service.LocationServiceImpl.getCurrentLocation(LocationServiceImpl.java:41)
 - has following stubbing(s) with different arguments:
    1. restTemplateMock.getForEntity(null, null);
      -> at com.location.IssLocationApplicationTests.testGetCurrentLocation_Success(IssLocationApplicationTests.java:52)
Typically, stubbing argument mismatch indicates user mistake when writing tests.
Mockito fails early so that you can debug potential problem easily.
However, there are legit scenarios when this exception generates false negative signal:
  - stubbing the same method multiple times using 'given().will()' or 'when().then()' API
    Please use 'will().given()' or 'doReturn().when()' API for stubbing.
  - stubbed method is intentionally invoked with different arguments by code under test
    Please use default or 'silent' JUnit Rule (equivalent of Strictness.LENIENT).
For more information see javadoc for PotentialStubbingProblem class.
2023-03-16 21:30:40,785 DEBUG c.l.c.ISSLocationController [main] Getting current location of ISS...
2023-03-16 21:30:40,826 DEBUG c.l.c.ISSLocationController [main] Getting current location of ISS...
2023-03-16 21:30:40,828 ERROR c.l.c.ISSLocationController [main] Error getting current location of ISS: Something went wrong
2023-03-16 21:36:16,700 DEBUG c.l.s.LocationServiceImpl [main] Retrieving current location of ISS from API...
2023-03-16 21:36:16,734 DEBUG c.l.s.LocationServiceImpl [main] Retrieved current location of ISS from API: [latitude=10.0, longitude=20.0]
2023-03-16 21:36:16,851 DEBUG c.l.c.ISSLocationController [main] Getting current location of ISS...
2023-03-16 21:36:16,872 DEBUG c.l.c.ISSLocationController [main] Getting current location of ISS...
2023-03-16 21:36:16,874 ERROR c.l.c.ISSLocationController [main] Error getting current location of ISS: Something went wrong
2023-03-16 21:37:59,238 DEBUG c.l.s.LocationServiceImpl [main] Retrieving current location of ISS from API...
2023-03-16 21:37:59,268 DEBUG c.l.s.LocationServiceImpl [main] Retrieved current location of ISS from API: [latitude=10.0, longitude=20.0]
2023-03-16 21:37:59,319 DEBUG c.l.s.LocationServiceImpl [main] Retrieving current location of ISS from API...
2023-03-16 21:37:59,323 ERROR c.l.s.LocationServiceImpl [main] Error retrieving current location of ISS from API: First exception
2023-03-16 21:37:59,409 DEBUG c.l.c.ISSLocationController [main] Getting current location of ISS...
2023-03-16 21:37:59,423 DEBUG c.l.c.ISSLocationController [main] Getting current location of ISS...
2023-03-16 21:37:59,425 ERROR c.l.c.ISSLocationController [main] Error getting current location of ISS: Something went wrong
2023-03-16 21:40:23,687 DEBUG c.l.s.LocationServiceImpl [main] Retrieving current location of ISS from API...
2023-03-16 21:40:23,715 DEBUG c.l.s.LocationServiceImpl [main] Retrieved current location of ISS from API: [latitude=10.0, longitude=20.0]
2023-03-16 21:40:23,779 DEBUG c.l.s.LocationServiceImpl [main] Retrieving current location of ISS from API...
2023-03-16 21:40:23,782 ERROR c.l.s.LocationServiceImpl [main] Error retrieving current location of ISS from API: First exception
2023-03-16 21:40:23,798 DEBUG c.l.s.LocationServiceImpl [main] Retrieving current location of ISS from API...
2023-03-16 21:40:23,799 ERROR c.l.s.LocationServiceImpl [main] Error retrieving current location of ISS from API: First exception
2023-03-16 21:40:23,866 DEBUG c.l.c.ISSLocationController [main] Getting current location of ISS...
2023-03-16 21:40:23,879 DEBUG c.l.c.ISSLocationController [main] Getting current location of ISS...
2023-03-16 21:40:23,882 ERROR c.l.c.ISSLocationController [main] Error getting current location of ISS: Something went wrong
2023-03-16 21:43:07,933 DEBUG c.l.s.LocationServiceImpl [main] Retrieving current location of ISS from API...
2023-03-16 21:43:07,970 DEBUG c.l.s.LocationServiceImpl [main] Retrieved current location of ISS from API: [latitude=10.0, longitude=20.0]
2023-03-16 21:43:08,044 DEBUG c.l.s.LocationServiceImpl [main] Retrieving current location of ISS from API...
2023-03-16 21:43:08,048 ERROR c.l.s.LocationServiceImpl [main] Error retrieving current location of ISS from API: First exception
2023-03-16 21:43:08,072 DEBUG c.l.s.LocationServiceImpl [main] Retrieving current location of ISS from API...
2023-03-16 21:43:08,074 ERROR c.l.s.LocationServiceImpl [main] Error retrieving current location of ISS from API: First exception
2023-03-16 21:43:08,080 DEBUG c.l.s.LocationServiceImpl [main] Returning default location of (0,0)
2023-03-16 21:43:08,099 DEBUG c.l.s.LocationServiceImpl [main] Returning last known location of ISS: [latitude=10.0, longitude=20.0]
2023-03-16 21:43:08,172 DEBUG c.l.c.ISSLocationController [main] Getting current location of ISS...
2023-03-16 21:43:08,187 DEBUG c.l.c.ISSLocationController [main] Getting current location of ISS...
2023-03-16 21:43:08,189 ERROR c.l.c.ISSLocationController [main] Error getting current location of ISS: Something went wrong
2023-03-16 21:44:57,995 DEBUG c.l.s.LocationServiceImpl [main] Retrieving current location of ISS from API...
2023-03-16 21:44:58,038 DEBUG c.l.s.LocationServiceImpl [main] Retrieved current location of ISS from API: [latitude=10.0, longitude=20.0]
2023-03-16 21:44:58,095 DEBUG c.l.s.LocationServiceImpl [main] Retrieving current location of ISS from API...
2023-03-16 21:44:58,097 ERROR c.l.s.LocationServiceImpl [main] Error retrieving current location of ISS from API: First exception
2023-03-16 21:44:58,115 DEBUG c.l.s.LocationServiceImpl [main] Retrieving current location of ISS from API...
2023-03-16 21:44:58,117 ERROR c.l.s.LocationServiceImpl [main] Error retrieving current location of ISS from API: First exception
2023-03-16 21:44:58,124 DEBUG c.l.s.LocationServiceImpl [main] Returning default location of (0,0)
2023-03-16 21:44:58,141 DEBUG c.l.s.LocationServiceImpl [main] Returning last known location of ISS: [latitude=10.0, longitude=20.0]
2023-03-16 21:44:58,218 DEBUG c.l.c.ISSLocationController [main] Getting current location of ISS...
2023-03-16 21:44:58,232 DEBUG c.l.c.ISSLocationController [main] Getting current location of ISS...
2023-03-16 21:44:58,235 ERROR c.l.c.ISSLocationController [main] Error getting current location of ISS: Something went wrong
2023-03-16 21:46:16,765 DEBUG c.l.s.LocationServiceImpl [main] Retrieving current location of ISS from API...
2023-03-16 21:46:16,797 DEBUG c.l.s.LocationServiceImpl [main] Retrieved current location of ISS from API: [latitude=10.0, longitude=20.0]
2023-03-16 21:46:16,857 DEBUG c.l.s.LocationServiceImpl [main] Retrieving current location of ISS from API...
2023-03-16 21:46:16,860 ERROR c.l.s.LocationServiceImpl [main] Error retrieving current location of ISS from API: First exception
2023-03-16 21:46:16,879 DEBUG c.l.s.LocationServiceImpl [main] Retrieving current location of ISS from API...
2023-03-16 21:46:16,881 ERROR c.l.s.LocationServiceImpl [main] Error retrieving current location of ISS from API: First exception
2023-03-16 21:46:16,889 DEBUG c.l.s.LocationServiceImpl [main] Returning default location of (0,0)
2023-03-16 21:46:16,895 DEBUG c.l.s.LocationServiceImpl [main] Returning last known location of ISS: [latitude=10.0, longitude=20.0]
2023-03-16 21:46:16,971 DEBUG c.l.c.ISSLocationController [main] Getting current location of ISS...
2023-03-16 21:46:16,983 DEBUG c.l.c.ISSLocationController [main] Getting current location of ISS...
2023-03-16 21:46:16,986 ERROR c.l.c.ISSLocationController [main] Error getting current location of ISS: Something went wrong
2023-03-16 21:48:36,969 DEBUG c.l.s.LocationServiceImpl [main] Retrieving current location of ISS from API...
2023-03-16 21:48:37,003 DEBUG c.l.s.LocationServiceImpl [main] Retrieved current location of ISS from API: [latitude=10.0, longitude=20.0]
2023-03-16 21:48:37,072 DEBUG c.l.s.LocationServiceImpl [main] Retrieving current location of ISS from API...
2023-03-16 21:48:37,075 ERROR c.l.s.LocationServiceImpl [main] Error retrieving current location of ISS from API: First exception
2023-03-16 21:48:37,091 DEBUG c.l.s.LocationServiceImpl [main] Retrieving current location of ISS from API...
2023-03-16 21:48:37,093 ERROR c.l.s.LocationServiceImpl [main] Error retrieving current location of ISS from API: First exception
2023-03-16 21:48:37,100 DEBUG c.l.s.LocationServiceImpl [main] Returning default location of (0,0)
2023-03-16 21:48:37,105 DEBUG c.l.s.LocationServiceImpl [main] Returning last known location of ISS: [latitude=10.0, longitude=20.0]
2023-03-16 21:48:37,174 DEBUG c.l.c.ISSLocationController [main] Getting current location of ISS...
2023-03-16 21:48:37,189 DEBUG c.l.c.ISSLocationController [main] Getting current location of ISS...
2023-03-16 21:48:37,191 ERROR c.l.c.ISSLocationController [main] Error getting current location of ISS: Something went wrong
2023-03-16 21:49:42,296 DEBUG c.l.s.LocationServiceImpl [main] Retrieving current location of ISS from API...
2023-03-16 21:49:42,335 DEBUG c.l.s.LocationServiceImpl [main] Retrieved current location of ISS from API: [latitude=10.0, longitude=20.0]
2023-03-16 21:49:42,398 DEBUG c.l.s.LocationServiceImpl [main] Retrieving current location of ISS from API...
2023-03-16 21:49:42,401 ERROR c.l.s.LocationServiceImpl [main] Error retrieving current location of ISS from API: First exception
2023-03-16 21:49:42,416 DEBUG c.l.s.LocationServiceImpl [main] Retrieving current location of ISS from API...
2023-03-16 21:49:42,418 ERROR c.l.s.LocationServiceImpl [main] Error retrieving current location of ISS from API: First exception
2023-03-16 21:49:42,425 DEBUG c.l.s.LocationServiceImpl [main] Returning default location of (0,0)
2023-03-16 21:49:42,431 DEBUG c.l.s.LocationServiceImpl [main] Returning last known location of ISS: [latitude=10.0, longitude=20.0]
2023-03-16 21:49:42,511 DEBUG c.l.c.ISSLocationController [main] Getting current location of ISS...
2023-03-16 21:49:42,535 DEBUG c.l.c.ISSLocationController [main] Getting current location of ISS...
2023-03-16 21:49:42,537 ERROR c.l.c.ISSLocationController [main] Error getting current location of ISS: Something went wrong
2023-03-16 21:49:52,692 DEBUG c.l.s.LocationServiceImpl [main] Retrieving current location of ISS from API...
2023-03-16 21:49:52,726 DEBUG c.l.s.LocationServiceImpl [main] Retrieved current location of ISS from API: [latitude=10.0, longitude=20.0]
2023-03-16 21:49:52,787 DEBUG c.l.s.LocationServiceImpl [main] Retrieving current location of ISS from API...
2023-03-16 21:49:52,791 ERROR c.l.s.LocationServiceImpl [main] Error retrieving current location of ISS from API: First exception
2023-03-16 21:49:52,809 DEBUG c.l.s.LocationServiceImpl [main] Retrieving current location of ISS from API...
2023-03-16 21:49:52,815 ERROR c.l.s.LocationServiceImpl [main] Error retrieving current location of ISS from API: First exception
2023-03-16 21:49:52,821 DEBUG c.l.s.LocationServiceImpl [main] Returning default location of (0,0)
2023-03-16 21:49:52,830 DEBUG c.l.s.LocationServiceImpl [main] Returning last known location of ISS: [latitude=10.0, longitude=20.0]
2023-03-16 21:49:52,909 DEBUG c.l.c.ISSLocationController [main] Getting current location of ISS...
2023-03-16 21:49:52,925 DEBUG c.l.c.ISSLocationController [main] Getting current location of ISS...
2023-03-16 21:49:52,932 ERROR c.l.c.ISSLocationController [main] Error getting current location of ISS: Something went wrong
